
ROM used:   512/32768 (2%)
            512/32768 (2%) including unused fragments

            0.2 Average locations per line
            1.0 Average locations per statement

RAM used:   22/1536 (1%) at main() level
            34/1536 (2%) worst case

Stack used: 2 worst case (2 in main + 0 for interrupts)
Stack size: 31

Lines Stmts  %   Files
----- ----- ---  -----
   24    11   2  main.c
   14     0   0  main.h
  716     0   0  ..\..\..\..\..\..\Program Files (x86)\PICC\Devices\18F452.h
   37     0   0  ..\..\..\..\..\..\Program Files (x86)\PICC\Drivers\stdio.h
  423     0   0  ..\..\..\..\..\..\Program Files (x86)\PICC\Drivers\string.h
   32     0   0  ..\..\..\..\..\..\Program Files (x86)\PICC\Drivers\stddef.h
   28     0   0  ..\..\..\..\..\..\Program Files (x86)\PICC\Drivers\ctype.h
 1351   359  70  ..\..\..\..\..\..\Program Files (x86)\PICC\Drivers\stdlib.h
  154     0   0  ..\..\..\..\..\..\Program Files (x86)\PICC\Drivers\time.h
  326   128  25  ..\..\..\..\..\..\Program Files (x86)\PICC\Drivers\stdlibm.h
   76    13   3  ..\..\..\..\..\..\Program Files (x86)\PICC\Drivers\memmgmt.c
----- -----
 3181   511 Total

Page ROM  %  RAM   Vol Diff  Functions:
---- --- --- ---   --- ----  ----------
0     42   4    1             @delay_ms1
0     86   8   14             @MUL3232
0    106  10    4   101  3.8  rand
0     66   6    5             @DIV1616
0     20   2    4    39  2.1  srand
0    188  18    2   265  3.7  MAIN
 Inline         0             @cinit1

Program metrics:
    Functions               3
    Statements              511
    Comments                990
    Volume (V)              529
    Difficulty (D)          9.0
    Effort to implement (E) 4749
    Time to implement (T)   4 minutes
    Est Delivered Bugs (B)  0
    Cyclomatic Complexity   1
    Maintainability (MI)    67

 Segment     Used  Free
-----------  ----  ----
00000-00002     4  0  
00004-07FFE   508  32256  



