
ROM used:   492/32768 (2%)
            492/32768 (2%) including unused fragments

            0.2 Average locations per line
            1.0 Average locations per statement

RAM used:   20/1536 (1%) at main() level
            32/1536 (2%) worst case

Stack used: 2 worst case (2 in main + 0 for interrupts)
Stack size: 31

Lines Stmts  %   Files
----- ----- ---  -----
   32    11   2  main.c
   14     0   0  ..\..\Lessons\MikroIslemciDeneme\ders8zar\main.h
  716     0   0  ..\..\..\..\..\Program Files (x86)\PICC\Devices\18F452.h
 1351   359  73  ..\..\..\..\..\Program Files (x86)\PICC\Drivers\stdlib.h
   32     0   0  ..\..\..\..\..\Program Files (x86)\PICC\Drivers\stddef.h
  423   125  25  ..\..\..\..\..\Program Files (x86)\PICC\Drivers\string.h
   28     0   0  ..\..\..\..\..\Program Files (x86)\PICC\Drivers\ctype.h
----- -----
 2596   495 Total

Page ROM  %  RAM   Vol Diff  Functions:
---- --- --- ---   --- ----  ----------
0     42   4    1             @delay_ms1
0     86   9   14             @MUL3232
0    104  11    4   101  3.8  rand
0     66   7    5             @DIV1616
0    190  19    2   295  3.7  MAIN
 Inline         0    60  3.1  @cinit1

Program metrics:
    Functions               3
    Statements              495
    Comments                944
    Volume (V)              594
    Difficulty (D)          10.2
    Effort to implement (E) 6027
    Time to implement (T)   6 minutes
    Est Delivered Bugs (B)  0
    Cyclomatic Complexity   1
    Maintainability (MI)    96

 Segment     Used  Free
-----------  ----  ----
00000-00002     4  0  
00004-07FFE   488  32276  



